<?xml version="1.0" encoding="UTF-8"?>
<!-- Generated by org.testng.reporters.JUnitXMLReporter -->
<testsuite hostname="DESKTOP-BGTQG5D" ignored="2" name="Default test" tests="4" failures="0" timestamp="2022-01-13T12:38:00 IST" time="108.361" errors="0">
  <testcase name="login" time="7.015" classname="casestudy_package.casestudy"/>
  <testcase name="Courses" time="56.026" classname="casestudy_package.casestudy"/>
  <testcase name="skills" time="25.119" classname="casestudy_package.casestudy"/>
  <testcase name="logout" time="6.453" classname="casestudy_package.casestudy"/>
  <testcase name="profile" time="0.0" classname="casestudy_package.casestudy">
    <ignored/>
  </testcase> <!-- profile -->
  <testcase name="register" time="0.0" classname="casestudy_package.casestudy">
    <ignored/>
  </testcase> <!-- register -->
</testsuite> <!-- Default test -->
