<?xml version="1.0" encoding="UTF-8"?>
<testng-results skipped="0" failed="0" ignored="2" total="6" passed="4">
  <reporter-output>
  </reporter-output>
  <suite name="Default suite" duration-ms="108361" started-at="2022-01-13T12:36:12 IST" finished-at="2022-01-13T12:38:00 IST">
    <groups>
    </groups>
    <test name="Default test" duration-ms="108361" started-at="2022-01-13T12:36:12 IST" finished-at="2022-01-13T12:38:00 IST">
      <class name="casestudy_package.casestudy">
        <test-method status="PASS" signature="BT()[pri:0, instance:casestudy_package.casestudy@113b13f]" name="BT" is-config="true" duration-ms="10341" started-at="2022-01-13T12:36:12 IST" finished-at="2022-01-13T12:36:22 IST">
          <reporter-output>
          </reporter-output>
        </test-method> <!-- BT -->
        <test-method status="PASS" signature="login()[pri:0, instance:casestudy_package.casestudy@113b13f]" name="login" duration-ms="7015" started-at="2022-01-13T12:36:22 IST" finished-at="2022-01-13T12:36:29 IST">
          <reporter-output>
          </reporter-output>
        </test-method> <!-- login -->
        <test-method status="PASS" signature="Courses()[pri:1, instance:casestudy_package.casestudy@113b13f]" name="Courses" duration-ms="56026" started-at="2022-01-13T12:36:29 IST" finished-at="2022-01-13T12:37:25 IST">
          <reporter-output>
          </reporter-output>
        </test-method> <!-- Courses -->
        <test-method status="PASS" signature="skills()[pri:2, instance:casestudy_package.casestudy@113b13f]" name="skills" duration-ms="25119" started-at="2022-01-13T12:37:25 IST" finished-at="2022-01-13T12:37:50 IST">
          <reporter-output>
          </reporter-output>
        </test-method> <!-- skills -->
        <test-method status="PASS" signature="logout()[pri:3, instance:casestudy_package.casestudy@113b13f]" name="logout" duration-ms="6453" started-at="2022-01-13T12:37:50 IST" finished-at="2022-01-13T12:37:57 IST">
          <reporter-output>
          </reporter-output>
        </test-method> <!-- logout -->
        <test-method status="PASS" signature="AT()[pri:0, instance:casestudy_package.casestudy@113b13f]" name="AT" is-config="true" duration-ms="3276" started-at="2022-01-13T12:37:57 IST" finished-at="2022-01-13T12:38:00 IST">
          <reporter-output>
          </reporter-output>
        </test-method> <!-- AT -->
      </class> <!-- casestudy_package.casestudy -->
    </test> <!-- Default test -->
  </suite> <!-- Default suite -->
</testng-results>
